<?xml version="1.0" encoding="UTF-8"?>
<testsuite name="com.one.core.ExampleUnitTest" tests="1" skipped="0" failures="0" errors="0" timestamp="2023-08-09T14:17:17" hostname="MacBook-Pro-cua-Hoang.local" time="0.09">
  <properties/>
  <testcase name="addition_isCorrect" classname="com.one.core.ExampleUnitTest" time="0.09"/>
  <system-out><![CDATA[test22
["123","^^7","hoang anh tuan","hoang anh tuan 23"]
]]></system-out>
  <system-err><![CDATA[]]></system-err>
</testsuite>
